<?xml version="1.0" encoding="UTF-8"?>
<robot generator="Robot 4.1 (Python 3.9.5 on win32)" generated="20210807 12:08:10.836" rpa="false" schemaversion="2">
<suite id="s1" name="TentarLogarTests" source="c:\Apresentação_Robot\api\tests\TentarLogarTests.robot">
<test id="s1-t1" name="Cenário 01: Senha incorreta">
<kw name="Tentar Logar">
<arg>senha_incorreta.json</arg>
<arg>401</arg>
<arg>Unauthorized</arg>
<kw name="Obter Json" library="Helpers">
<var>&amp;{payload}</var>
<arg>sessions</arg>
<arg>${json_file}</arg>
<kw name="Get File" library="OperatingSystem">
<var>${fixture}</var>
<arg>c:\\Apresentação_Robot\\api\\resources/fixtures/${route}/${file_name}</arg>
<doc>Returns the contents of a specified file.</doc>
<msg timestamp="20210807 12:08:11.155" level="INFO" html="true">Getting file '&lt;a href="file://c:\Apresentação_Robot\api\resources\fixtures\sessions\senha_incorreta.json"&gt;c:\Apresentação_Robot\api\resources\fixtures\sessions\senha_incorreta.json&lt;/a&gt;'.</msg>
<msg timestamp="20210807 12:08:11.161" level="INFO">${fixture} = {
	"email": "felipe@gmail.com",
	"password": "pwd23"
}</msg>
<status status="PASS" starttime="20210807 12:08:11.155" endtime="20210807 12:08:11.161"/>
</kw>
<kw name="Evaluate" library="BuiltIn">
<var>${json}</var>
<arg>json.loads($fixture)</arg>
<doc>Evaluates the given expression in Python and returns the result.</doc>
<msg timestamp="20210807 12:08:11.164" level="INFO">${json} = {'email': 'felipe@gmail.com', 'password': 'pwd23'}</msg>
<status status="PASS" starttime="20210807 12:08:11.161" endtime="20210807 12:08:11.164"/>
</kw>
<msg timestamp="20210807 12:08:11.165" level="INFO">&amp;{payload} = { email=felipe@gmail.com | password=pwd23 }</msg>
<status status="PASS" starttime="20210807 12:08:11.154" endtime="20210807 12:08:11.165"/>
</kw>
<kw name="POST Login" library="Sessions">
<var>${response}</var>
<arg>${payload}</arg>
<kw name="POST" library="RequestsLibrary">
<var>${response}</var>
<arg>${BASE_URL}/sessions</arg>
<arg>json=${payload}</arg>
<arg>expected_status=any</arg>
<doc>Sends a POST request.</doc>
<msg timestamp="20210807 12:08:11.879" level="INFO">POST Request : url=https://rocklov-thiago-api.herokuapp.com/sessions 
 path_url=/sessions 
 headers={'User-Agent': 'python-requests/2.25.1', 'Accept-Encoding': 'gzip, deflate', 'Accept': '*/*', 'Connection': 'keep-alive', 'Content-Length': '50', 'Content-Type': 'application/json'} 
 body=b'{"email": "felipe@gmail.com", "password": "pwd23"}' 
 </msg>
<msg timestamp="20210807 12:08:11.880" level="INFO">POST Response : url=https://rocklov-thiago-api.herokuapp.com/sessions 
 status=401, reason=Unauthorized 
 headers={'Server': 'Cowboy', 'Connection': 'keep-alive', 'X-Powered-By': 'Express', 'Access-Control-Allow-Origin': '*', 'Content-Type': 'application/json; charset=utf-8', 'Content-Length': '24', 'Etag': 'W/"18-XPDV80vbMk4yY1/PADG4jYM4rSI"', 'Date': 'Sat, 07 Aug 2021 15:08:12 GMT', 'Via': '1.1 vegur'} 
 body={"error":"Unauthorized"} 
 </msg>
<msg timestamp="20210807 12:08:11.880" level="INFO">${response} = &lt;Response [401]&gt;</msg>
<status status="PASS" starttime="20210807 12:08:11.165" endtime="20210807 12:08:11.880"/>
</kw>
<msg timestamp="20210807 12:08:11.881" level="INFO">${response} = &lt;Response [401]&gt;</msg>
<status status="PASS" starttime="20210807 12:08:11.165" endtime="20210807 12:08:11.881"/>
</kw>
<kw name="Status Should Be" library="RequestsLibrary">
<arg>${status_code}</arg>
<arg>${response}</arg>
<doc>Fails if response status code is different than the expected.</doc>
<status status="PASS" starttime="20210807 12:08:11.881" endtime="20210807 12:08:11.882"/>
</kw>
<kw name="Should Be Equal" library="BuiltIn">
<arg>${error_msg}</arg>
<arg>${response.json()}[error]</arg>
<doc>Fails if the given objects are unequal.</doc>
<status status="PASS" starttime="20210807 12:08:11.882" endtime="20210807 12:08:11.885"/>
</kw>
<status status="PASS" starttime="20210807 12:08:11.153" endtime="20210807 12:08:11.886"/>
</kw>
<status status="PASS" starttime="20210807 12:08:11.153" endtime="20210807 12:08:11.886"/>
</test>
<test id="s1-t2" name="Cenário 02: Email não cadastrado">
<kw name="Tentar Logar">
<arg>email_nao_cadastrado.json</arg>
<arg>401</arg>
<arg>Unauthorized</arg>
<kw name="Obter Json" library="Helpers">
<var>&amp;{payload}</var>
<arg>sessions</arg>
<arg>${json_file}</arg>
<kw name="Get File" library="OperatingSystem">
<var>${fixture}</var>
<arg>c:\\Apresentação_Robot\\api\\resources/fixtures/${route}/${file_name}</arg>
<doc>Returns the contents of a specified file.</doc>
<msg timestamp="20210807 12:08:11.888" level="INFO" html="true">Getting file '&lt;a href="file://c:\Apresentação_Robot\api\resources\fixtures\sessions\email_nao_cadastrado.json"&gt;c:\Apresentação_Robot\api\resources\fixtures\sessions\email_nao_cadastrado.json&lt;/a&gt;'.</msg>
<msg timestamp="20210807 12:08:11.894" level="INFO">${fixture} = {
	"email": "felpe@gmail.com",
	"password": "pwd23"
}</msg>
<status status="PASS" starttime="20210807 12:08:11.888" endtime="20210807 12:08:11.894"/>
</kw>
<kw name="Evaluate" library="BuiltIn">
<var>${json}</var>
<arg>json.loads($fixture)</arg>
<doc>Evaluates the given expression in Python and returns the result.</doc>
<msg timestamp="20210807 12:08:11.895" level="INFO">${json} = {'email': 'felpe@gmail.com', 'password': 'pwd23'}</msg>
<status status="PASS" starttime="20210807 12:08:11.894" endtime="20210807 12:08:11.895"/>
</kw>
<msg timestamp="20210807 12:08:11.895" level="INFO">&amp;{payload} = { email=felpe@gmail.com | password=pwd23 }</msg>
<status status="PASS" starttime="20210807 12:08:11.887" endtime="20210807 12:08:11.895"/>
</kw>
<kw name="POST Login" library="Sessions">
<var>${response}</var>
<arg>${payload}</arg>
<kw name="POST" library="RequestsLibrary">
<var>${response}</var>
<arg>${BASE_URL}/sessions</arg>
<arg>json=${payload}</arg>
<arg>expected_status=any</arg>
<doc>Sends a POST request.</doc>
<msg timestamp="20210807 12:08:12.499" level="INFO">POST Request : url=https://rocklov-thiago-api.herokuapp.com/sessions 
 path_url=/sessions 
 headers={'User-Agent': 'python-requests/2.25.1', 'Accept-Encoding': 'gzip, deflate', 'Accept': '*/*', 'Connection': 'keep-alive', 'Content-Length': '49', 'Content-Type': 'application/json'} 
 body=b'{"email": "felpe@gmail.com", "password": "pwd23"}' 
 </msg>
<msg timestamp="20210807 12:08:12.499" level="INFO">POST Response : url=https://rocklov-thiago-api.herokuapp.com/sessions 
 status=401, reason=Unauthorized 
 headers={'Server': 'Cowboy', 'Connection': 'keep-alive', 'X-Powered-By': 'Express', 'Access-Control-Allow-Origin': '*', 'Content-Type': 'application/json; charset=utf-8', 'Content-Length': '24', 'Etag': 'W/"18-XPDV80vbMk4yY1/PADG4jYM4rSI"', 'Date': 'Sat, 07 Aug 2021 15:08:13 GMT', 'Via': '1.1 vegur'} 
 body={"error":"Unauthorized"} 
 </msg>
<msg timestamp="20210807 12:08:12.499" level="INFO">${response} = &lt;Response [401]&gt;</msg>
<status status="PASS" starttime="20210807 12:08:11.896" endtime="20210807 12:08:12.499"/>
</kw>
<msg timestamp="20210807 12:08:12.500" level="INFO">${response} = &lt;Response [401]&gt;</msg>
<status status="PASS" starttime="20210807 12:08:11.895" endtime="20210807 12:08:12.500"/>
</kw>
<kw name="Status Should Be" library="RequestsLibrary">
<arg>${status_code}</arg>
<arg>${response}</arg>
<doc>Fails if response status code is different than the expected.</doc>
<status status="PASS" starttime="20210807 12:08:12.500" endtime="20210807 12:08:12.500"/>
</kw>
<kw name="Should Be Equal" library="BuiltIn">
<arg>${error_msg}</arg>
<arg>${response.json()}[error]</arg>
<doc>Fails if the given objects are unequal.</doc>
<status status="PASS" starttime="20210807 12:08:12.500" endtime="20210807 12:08:12.503"/>
</kw>
<status status="PASS" starttime="20210807 12:08:11.887" endtime="20210807 12:08:12.503"/>
</kw>
<status status="PASS" starttime="20210807 12:08:11.886" endtime="20210807 12:08:12.503"/>
</test>
<test id="s1-t3" name="Cenário 03: Email errado">
<kw name="Tentar Logar">
<arg>email_errado.json</arg>
<arg>412</arg>
<arg>wrong email</arg>
<kw name="Obter Json" library="Helpers">
<var>&amp;{payload}</var>
<arg>sessions</arg>
<arg>${json_file}</arg>
<kw name="Get File" library="OperatingSystem">
<var>${fixture}</var>
<arg>c:\\Apresentação_Robot\\api\\resources/fixtures/${route}/${file_name}</arg>
<doc>Returns the contents of a specified file.</doc>
<msg timestamp="20210807 12:08:12.507" level="INFO" html="true">Getting file '&lt;a href="file://c:\Apresentação_Robot\api\resources\fixtures\sessions\email_errado.json"&gt;c:\Apresentação_Robot\api\resources\fixtures\sessions\email_errado.json&lt;/a&gt;'.</msg>
<msg timestamp="20210807 12:08:12.512" level="INFO">${fixture} = {
	"email": "felpe$gmail.com",
	"password": "pwd23"
}</msg>
<status status="PASS" starttime="20210807 12:08:12.506" endtime="20210807 12:08:12.512"/>
</kw>
<kw name="Evaluate" library="BuiltIn">
<var>${json}</var>
<arg>json.loads($fixture)</arg>
<doc>Evaluates the given expression in Python and returns the result.</doc>
<msg timestamp="20210807 12:08:12.512" level="INFO">${json} = {'email': 'felpe$gmail.com', 'password': 'pwd23'}</msg>
<status status="PASS" starttime="20210807 12:08:12.512" endtime="20210807 12:08:12.512"/>
</kw>
<msg timestamp="20210807 12:08:12.513" level="INFO">&amp;{payload} = { email=felpe$gmail.com | password=pwd23 }</msg>
<status status="PASS" starttime="20210807 12:08:12.506" endtime="20210807 12:08:12.513"/>
</kw>
<kw name="POST Login" library="Sessions">
<var>${response}</var>
<arg>${payload}</arg>
<kw name="POST" library="RequestsLibrary">
<var>${response}</var>
<arg>${BASE_URL}/sessions</arg>
<arg>json=${payload}</arg>
<arg>expected_status=any</arg>
<doc>Sends a POST request.</doc>
<msg timestamp="20210807 12:08:12.987" level="INFO">POST Request : url=https://rocklov-thiago-api.herokuapp.com/sessions 
 path_url=/sessions 
 headers={'User-Agent': 'python-requests/2.25.1', 'Accept-Encoding': 'gzip, deflate', 'Accept': '*/*', 'Connection': 'keep-alive', 'Content-Length': '49', 'Content-Type': 'application/json'} 
 body=b'{"email": "felpe$gmail.com", "password": "pwd23"}' 
 </msg>
<msg timestamp="20210807 12:08:12.987" level="INFO">POST Response : url=https://rocklov-thiago-api.herokuapp.com/sessions 
 status=412, reason=Precondition Failed 
 headers={'Server': 'Cowboy', 'Connection': 'keep-alive', 'X-Powered-By': 'Express', 'Access-Control-Allow-Origin': '*', 'Content-Type': 'application/json; charset=utf-8', 'Content-Length': '23', 'Etag': 'W/"17-J+BxLoUN8ST7m7fP0enwagCQK4E"', 'Date': 'Sat, 07 Aug 2021 15:08:14 GMT', 'Via': '1.1 vegur'} 
 body={"error":"wrong email"} 
 </msg>
<msg timestamp="20210807 12:08:12.987" level="INFO">${response} = &lt;Response [412]&gt;</msg>
<status status="PASS" starttime="20210807 12:08:12.513" endtime="20210807 12:08:12.988"/>
</kw>
<msg timestamp="20210807 12:08:12.988" level="INFO">${response} = &lt;Response [412]&gt;</msg>
<status status="PASS" starttime="20210807 12:08:12.513" endtime="20210807 12:08:12.988"/>
</kw>
<kw name="Status Should Be" library="RequestsLibrary">
<arg>${status_code}</arg>
<arg>${response}</arg>
<doc>Fails if response status code is different than the expected.</doc>
<status status="PASS" starttime="20210807 12:08:12.988" endtime="20210807 12:08:12.989"/>
</kw>
<kw name="Should Be Equal" library="BuiltIn">
<arg>${error_msg}</arg>
<arg>${response.json()}[error]</arg>
<doc>Fails if the given objects are unequal.</doc>
<status status="PASS" starttime="20210807 12:08:12.989" endtime="20210807 12:08:12.990"/>
</kw>
<status status="PASS" starttime="20210807 12:08:12.505" endtime="20210807 12:08:12.990"/>
</kw>
<status status="PASS" starttime="20210807 12:08:12.504" endtime="20210807 12:08:12.990"/>
</test>
<test id="s1-t4" name="Cenário 04: Email vazio">
<kw name="Tentar Logar">
<arg>email_vazio.json</arg>
<arg>412</arg>
<arg>required email</arg>
<kw name="Obter Json" library="Helpers">
<var>&amp;{payload}</var>
<arg>sessions</arg>
<arg>${json_file}</arg>
<kw name="Get File" library="OperatingSystem">
<var>${fixture}</var>
<arg>c:\\Apresentação_Robot\\api\\resources/fixtures/${route}/${file_name}</arg>
<doc>Returns the contents of a specified file.</doc>
<msg timestamp="20210807 12:08:12.994" level="INFO" html="true">Getting file '&lt;a href="file://c:\Apresentação_Robot\api\resources\fixtures\sessions\email_vazio.json"&gt;c:\Apresentação_Robot\api\resources\fixtures\sessions\email_vazio.json&lt;/a&gt;'.</msg>
<msg timestamp="20210807 12:08:12.999" level="INFO">${fixture} = {
	"email": "",
	"password": "pwd23"
}</msg>
<status status="PASS" starttime="20210807 12:08:12.993" endtime="20210807 12:08:13.000"/>
</kw>
<kw name="Evaluate" library="BuiltIn">
<var>${json}</var>
<arg>json.loads($fixture)</arg>
<doc>Evaluates the given expression in Python and returns the result.</doc>
<msg timestamp="20210807 12:08:13.000" level="INFO">${json} = {'email': '', 'password': 'pwd23'}</msg>
<status status="PASS" starttime="20210807 12:08:13.000" endtime="20210807 12:08:13.000"/>
</kw>
<msg timestamp="20210807 12:08:13.001" level="INFO">&amp;{payload} = { email= | password=pwd23 }</msg>
<status status="PASS" starttime="20210807 12:08:12.992" endtime="20210807 12:08:13.001"/>
</kw>
<kw name="POST Login" library="Sessions">
<var>${response}</var>
<arg>${payload}</arg>
<kw name="POST" library="RequestsLibrary">
<var>${response}</var>
<arg>${BASE_URL}/sessions</arg>
<arg>json=${payload}</arg>
<arg>expected_status=any</arg>
<doc>Sends a POST request.</doc>
<msg timestamp="20210807 12:08:13.472" level="INFO">POST Request : url=https://rocklov-thiago-api.herokuapp.com/sessions 
 path_url=/sessions 
 headers={'User-Agent': 'python-requests/2.25.1', 'Accept-Encoding': 'gzip, deflate', 'Accept': '*/*', 'Connection': 'keep-alive', 'Content-Length': '34', 'Content-Type': 'application/json'} 
 body=b'{"email": "", "password": "pwd23"}' 
 </msg>
<msg timestamp="20210807 12:08:13.472" level="INFO">POST Response : url=https://rocklov-thiago-api.herokuapp.com/sessions 
 status=412, reason=Precondition Failed 
 headers={'Server': 'Cowboy', 'Connection': 'keep-alive', 'X-Powered-By': 'Express', 'Access-Control-Allow-Origin': '*', 'Content-Type': 'application/json; charset=utf-8', 'Content-Length': '26', 'Etag': 'W/"1a-8KRaSvY57iDhlue9EjFWx2TpquE"', 'Date': 'Sat, 07 Aug 2021 15:08:14 GMT', 'Via': '1.1 vegur'} 
 body={"error":"required email"} 
 </msg>
<msg timestamp="20210807 12:08:13.472" level="INFO">${response} = &lt;Response [412]&gt;</msg>
<status status="PASS" starttime="20210807 12:08:13.004" endtime="20210807 12:08:13.472"/>
</kw>
<msg timestamp="20210807 12:08:13.473" level="INFO">${response} = &lt;Response [412]&gt;</msg>
<status status="PASS" starttime="20210807 12:08:13.002" endtime="20210807 12:08:13.473"/>
</kw>
<kw name="Status Should Be" library="RequestsLibrary">
<arg>${status_code}</arg>
<arg>${response}</arg>
<doc>Fails if response status code is different than the expected.</doc>
<status status="PASS" starttime="20210807 12:08:13.473" endtime="20210807 12:08:13.473"/>
</kw>
<kw name="Should Be Equal" library="BuiltIn">
<arg>${error_msg}</arg>
<arg>${response.json()}[error]</arg>
<doc>Fails if the given objects are unequal.</doc>
<status status="PASS" starttime="20210807 12:08:13.473" endtime="20210807 12:08:13.474"/>
</kw>
<status status="PASS" starttime="20210807 12:08:12.991" endtime="20210807 12:08:13.475"/>
</kw>
<status status="PASS" starttime="20210807 12:08:12.991" endtime="20210807 12:08:13.475"/>
</test>
<test id="s1-t5" name="Cenário 05: Senha vazia">
<kw name="Tentar Logar">
<arg>senha_vazia.json</arg>
<arg>412</arg>
<arg>required password</arg>
<kw name="Obter Json" library="Helpers">
<var>&amp;{payload}</var>
<arg>sessions</arg>
<arg>${json_file}</arg>
<kw name="Get File" library="OperatingSystem">
<var>${fixture}</var>
<arg>c:\\Apresentação_Robot\\api\\resources/fixtures/${route}/${file_name}</arg>
<doc>Returns the contents of a specified file.</doc>
<msg timestamp="20210807 12:08:13.477" level="INFO" html="true">Getting file '&lt;a href="file://c:\Apresentação_Robot\api\resources\fixtures\sessions\senha_vazia.json"&gt;c:\Apresentação_Robot\api\resources\fixtures\sessions\senha_vazia.json&lt;/a&gt;'.</msg>
<msg timestamp="20210807 12:08:13.482" level="INFO">${fixture} = {
	"email": "felipe@gmail.com",
	"password": ""
}</msg>
<status status="PASS" starttime="20210807 12:08:13.476" endtime="20210807 12:08:13.482"/>
</kw>
<kw name="Evaluate" library="BuiltIn">
<var>${json}</var>
<arg>json.loads($fixture)</arg>
<doc>Evaluates the given expression in Python and returns the result.</doc>
<msg timestamp="20210807 12:08:13.483" level="INFO">${json} = {'email': 'felipe@gmail.com', 'password': ''}</msg>
<status status="PASS" starttime="20210807 12:08:13.483" endtime="20210807 12:08:13.483"/>
</kw>
<msg timestamp="20210807 12:08:13.483" level="INFO">&amp;{payload} = { email=felipe@gmail.com | password= }</msg>
<status status="PASS" starttime="20210807 12:08:13.476" endtime="20210807 12:08:13.483"/>
</kw>
<kw name="POST Login" library="Sessions">
<var>${response}</var>
<arg>${payload}</arg>
<kw name="POST" library="RequestsLibrary">
<var>${response}</var>
<arg>${BASE_URL}/sessions</arg>
<arg>json=${payload}</arg>
<arg>expected_status=any</arg>
<doc>Sends a POST request.</doc>
<msg timestamp="20210807 12:08:13.966" level="INFO">POST Request : url=https://rocklov-thiago-api.herokuapp.com/sessions 
 path_url=/sessions 
 headers={'User-Agent': 'python-requests/2.25.1', 'Accept-Encoding': 'gzip, deflate', 'Accept': '*/*', 'Connection': 'keep-alive', 'Content-Length': '45', 'Content-Type': 'application/json'} 
 body=b'{"email": "felipe@gmail.com", "password": ""}' 
 </msg>
<msg timestamp="20210807 12:08:13.967" level="INFO">POST Response : url=https://rocklov-thiago-api.herokuapp.com/sessions 
 status=412, reason=Precondition Failed 
 headers={'Server': 'Cowboy', 'Connection': 'keep-alive', 'X-Powered-By': 'Express', 'Access-Control-Allow-Origin': '*', 'Content-Type': 'application/json; charset=utf-8', 'Content-Length': '29', 'Etag': 'W/"1d-tUn0yUHtqO1XqLN8GlARJKKNdM8"', 'Date': 'Sat, 07 Aug 2021 15:08:15 GMT', 'Via': '1.1 vegur'} 
 body={"error":"required password"} 
 </msg>
<msg timestamp="20210807 12:08:13.968" level="INFO">${response} = &lt;Response [412]&gt;</msg>
<status status="PASS" starttime="20210807 12:08:13.484" endtime="20210807 12:08:13.968"/>
</kw>
<msg timestamp="20210807 12:08:13.969" level="INFO">${response} = &lt;Response [412]&gt;</msg>
<status status="PASS" starttime="20210807 12:08:13.484" endtime="20210807 12:08:13.969"/>
</kw>
<kw name="Status Should Be" library="RequestsLibrary">
<arg>${status_code}</arg>
<arg>${response}</arg>
<doc>Fails if response status code is different than the expected.</doc>
<status status="PASS" starttime="20210807 12:08:13.970" endtime="20210807 12:08:13.971"/>
</kw>
<kw name="Should Be Equal" library="BuiltIn">
<arg>${error_msg}</arg>
<arg>${response.json()}[error]</arg>
<doc>Fails if the given objects are unequal.</doc>
<status status="PASS" starttime="20210807 12:08:13.971" endtime="20210807 12:08:13.972"/>
</kw>
<status status="PASS" starttime="20210807 12:08:13.475" endtime="20210807 12:08:13.973"/>
</kw>
<status status="PASS" starttime="20210807 12:08:13.475" endtime="20210807 12:08:13.973"/>
</test>
<test id="s1-t6" name="Cenário 06: Payload sem email">
<kw name="Tentar Logar">
<arg>payload_sem_email.json</arg>
<arg>412</arg>
<arg>required email</arg>
<kw name="Obter Json" library="Helpers">
<var>&amp;{payload}</var>
<arg>sessions</arg>
<arg>${json_file}</arg>
<kw name="Get File" library="OperatingSystem">
<var>${fixture}</var>
<arg>c:\\Apresentação_Robot\\api\\resources/fixtures/${route}/${file_name}</arg>
<doc>Returns the contents of a specified file.</doc>
<msg timestamp="20210807 12:08:13.975" level="INFO" html="true">Getting file '&lt;a href="file://c:\Apresentação_Robot\api\resources\fixtures\sessions\payload_sem_email.json"&gt;c:\Apresentação_Robot\api\resources\fixtures\sessions\payload_sem_email.json&lt;/a&gt;'.</msg>
<msg timestamp="20210807 12:08:13.979" level="INFO">${fixture} = {
	"password": "pwd23"
}</msg>
<status status="PASS" starttime="20210807 12:08:13.974" endtime="20210807 12:08:13.979"/>
</kw>
<kw name="Evaluate" library="BuiltIn">
<var>${json}</var>
<arg>json.loads($fixture)</arg>
<doc>Evaluates the given expression in Python and returns the result.</doc>
<msg timestamp="20210807 12:08:13.980" level="INFO">${json} = {'password': 'pwd23'}</msg>
<status status="PASS" starttime="20210807 12:08:13.980" endtime="20210807 12:08:13.980"/>
</kw>
<msg timestamp="20210807 12:08:13.980" level="INFO">&amp;{payload} = { password=pwd23 }</msg>
<status status="PASS" starttime="20210807 12:08:13.973" endtime="20210807 12:08:13.980"/>
</kw>
<kw name="POST Login" library="Sessions">
<var>${response}</var>
<arg>${payload}</arg>
<kw name="POST" library="RequestsLibrary">
<var>${response}</var>
<arg>${BASE_URL}/sessions</arg>
<arg>json=${payload}</arg>
<arg>expected_status=any</arg>
<doc>Sends a POST request.</doc>
<msg timestamp="20210807 12:08:14.446" level="INFO">POST Request : url=https://rocklov-thiago-api.herokuapp.com/sessions 
 path_url=/sessions 
 headers={'User-Agent': 'python-requests/2.25.1', 'Accept-Encoding': 'gzip, deflate', 'Accept': '*/*', 'Connection': 'keep-alive', 'Content-Length': '21', 'Content-Type': 'application/json'} 
 body=b'{"password": "pwd23"}' 
 </msg>
<msg timestamp="20210807 12:08:14.446" level="INFO">POST Response : url=https://rocklov-thiago-api.herokuapp.com/sessions 
 status=412, reason=Precondition Failed 
 headers={'Server': 'Cowboy', 'Connection': 'keep-alive', 'X-Powered-By': 'Express', 'Access-Control-Allow-Origin': '*', 'Content-Type': 'application/json; charset=utf-8', 'Content-Length': '26', 'Etag': 'W/"1a-8KRaSvY57iDhlue9EjFWx2TpquE"', 'Date': 'Sat, 07 Aug 2021 15:08:15 GMT', 'Via': '1.1 vegur'} 
 body={"error":"required email"} 
 </msg>
<msg timestamp="20210807 12:08:14.446" level="INFO">${response} = &lt;Response [412]&gt;</msg>
<status status="PASS" starttime="20210807 12:08:13.981" endtime="20210807 12:08:14.446"/>
</kw>
<msg timestamp="20210807 12:08:14.447" level="INFO">${response} = &lt;Response [412]&gt;</msg>
<status status="PASS" starttime="20210807 12:08:13.980" endtime="20210807 12:08:14.447"/>
</kw>
<kw name="Status Should Be" library="RequestsLibrary">
<arg>${status_code}</arg>
<arg>${response}</arg>
<doc>Fails if response status code is different than the expected.</doc>
<status status="PASS" starttime="20210807 12:08:14.447" endtime="20210807 12:08:14.447"/>
</kw>
<kw name="Should Be Equal" library="BuiltIn">
<arg>${error_msg}</arg>
<arg>${response.json()}[error]</arg>
<doc>Fails if the given objects are unequal.</doc>
<status status="PASS" starttime="20210807 12:08:14.447" endtime="20210807 12:08:14.448"/>
</kw>
<status status="PASS" starttime="20210807 12:08:13.973" endtime="20210807 12:08:14.448"/>
</kw>
<status status="PASS" starttime="20210807 12:08:13.973" endtime="20210807 12:08:14.449"/>
</test>
<test id="s1-t7" name="Cenário 07: Payload sem senha">
<kw name="Tentar Logar">
<arg>payload_sem_senha.json</arg>
<arg>412</arg>
<arg>required password</arg>
<kw name="Obter Json" library="Helpers">
<var>&amp;{payload}</var>
<arg>sessions</arg>
<arg>${json_file}</arg>
<kw name="Get File" library="OperatingSystem">
<var>${fixture}</var>
<arg>c:\\Apresentação_Robot\\api\\resources/fixtures/${route}/${file_name}</arg>
<doc>Returns the contents of a specified file.</doc>
<msg timestamp="20210807 12:08:14.451" level="INFO" html="true">Getting file '&lt;a href="file://c:\Apresentação_Robot\api\resources\fixtures\sessions\payload_sem_senha.json"&gt;c:\Apresentação_Robot\api\resources\fixtures\sessions\payload_sem_senha.json&lt;/a&gt;'.</msg>
<msg timestamp="20210807 12:08:14.456" level="INFO">${fixture} = {
	"email": "felipe@gmail.com"
}</msg>
<status status="PASS" starttime="20210807 12:08:14.450" endtime="20210807 12:08:14.456"/>
</kw>
<kw name="Evaluate" library="BuiltIn">
<var>${json}</var>
<arg>json.loads($fixture)</arg>
<doc>Evaluates the given expression in Python and returns the result.</doc>
<msg timestamp="20210807 12:08:14.457" level="INFO">${json} = {'email': 'felipe@gmail.com'}</msg>
<status status="PASS" starttime="20210807 12:08:14.457" endtime="20210807 12:08:14.457"/>
</kw>
<msg timestamp="20210807 12:08:14.457" level="INFO">&amp;{payload} = { email=felipe@gmail.com }</msg>
<status status="PASS" starttime="20210807 12:08:14.450" endtime="20210807 12:08:14.457"/>
</kw>
<kw name="POST Login" library="Sessions">
<var>${response}</var>
<arg>${payload}</arg>
<kw name="POST" library="RequestsLibrary">
<var>${response}</var>
<arg>${BASE_URL}/sessions</arg>
<arg>json=${payload}</arg>
<arg>expected_status=any</arg>
<doc>Sends a POST request.</doc>
<msg timestamp="20210807 12:08:14.942" level="INFO">POST Request : url=https://rocklov-thiago-api.herokuapp.com/sessions 
 path_url=/sessions 
 headers={'User-Agent': 'python-requests/2.25.1', 'Accept-Encoding': 'gzip, deflate', 'Accept': '*/*', 'Connection': 'keep-alive', 'Content-Length': '29', 'Content-Type': 'application/json'} 
 body=b'{"email": "felipe@gmail.com"}' 
 </msg>
<msg timestamp="20210807 12:08:14.942" level="INFO">POST Response : url=https://rocklov-thiago-api.herokuapp.com/sessions 
 status=412, reason=Precondition Failed 
 headers={'Server': 'Cowboy', 'Connection': 'keep-alive', 'X-Powered-By': 'Express', 'Access-Control-Allow-Origin': '*', 'Content-Type': 'application/json; charset=utf-8', 'Content-Length': '29', 'Etag': 'W/"1d-tUn0yUHtqO1XqLN8GlARJKKNdM8"', 'Date': 'Sat, 07 Aug 2021 15:08:16 GMT', 'Via': '1.1 vegur'} 
 body={"error":"required password"} 
 </msg>
<msg timestamp="20210807 12:08:14.942" level="INFO">${response} = &lt;Response [412]&gt;</msg>
<status status="PASS" starttime="20210807 12:08:14.458" endtime="20210807 12:08:14.942"/>
</kw>
<msg timestamp="20210807 12:08:14.942" level="INFO">${response} = &lt;Response [412]&gt;</msg>
<status status="PASS" starttime="20210807 12:08:14.458" endtime="20210807 12:08:14.942"/>
</kw>
<kw name="Status Should Be" library="RequestsLibrary">
<arg>${status_code}</arg>
<arg>${response}</arg>
<doc>Fails if response status code is different than the expected.</doc>
<status status="PASS" starttime="20210807 12:08:14.942" endtime="20210807 12:08:14.943"/>
</kw>
<kw name="Should Be Equal" library="BuiltIn">
<arg>${error_msg}</arg>
<arg>${response.json()}[error]</arg>
<doc>Fails if the given objects are unequal.</doc>
<status status="PASS" starttime="20210807 12:08:14.943" endtime="20210807 12:08:14.944"/>
</kw>
<status status="PASS" starttime="20210807 12:08:14.450" endtime="20210807 12:08:14.944"/>
</kw>
<status status="PASS" starttime="20210807 12:08:14.449" endtime="20210807 12:08:14.944"/>
</test>
<status status="PASS" starttime="20210807 12:08:10.842" endtime="20210807 12:08:14.945"/>
</suite>
<statistics>
<total>
<stat pass="7" fail="0" skip="0">All Tests</stat>
</total>
<tag>
</tag>
<suite>
<stat pass="7" fail="0" skip="0" id="s1" name="TentarLogarTests">TentarLogarTests</stat>
</suite>
</statistics>
<errors>
</errors>
</robot>
